[33mWARN[39m: GET /api/simplex not found path
[33mWARN[39m: GET /favicon.ico not found path
[33mWARN[39m: GET /favicon.ico not found path
[33mWARN[39m: GET /favicon.ico not found path
[33mWARN[39m: GET /favicon.ico not found path
[31mERROR[39m: productsManager.read is not a function
[31mERROR[39m: productsManager.read is not a function
[33mWARN[39m: GET /favicon.ico not found path
[31mERROR[39m: productsManager.read is not a function
[33mWARN[39m: GET /favicon.ico not found path
[31mERROR[39m: productsManager.read is not a function
[33mWARN[39m: GET /favicon.ico not found path
[33mWARN[39m: GET /favicon.ico not found path
[31mERROR[39m: productsManager.read is not a function
[33mWARN[39m: GET /favicon.ico not found path
[33mWARN[39m: GET /scritp/signout.js not found path
[33mWARN[39m: GET /favicon.ico not found path
[33mWARN[39m: GET /scritp/signout.js not found path
[33mWARN[39m: GET /favicon.ico not found path
[33mWARN[39m: GET /favicon.ico not found path
[33mWARN[39m: GET /favicon.ico not found path
[33mWARN[39m: GET /favicon.ico not found path
[31mERROR[39m: email is not defined
[33mWARN[39m: GET /api/user not found path
[31mERROR[39m: this.model.read is not a function
[31mERROR[39m: this.model.read is not a function
[31mERROR[39m: this.model.read is not a function
[31mERROR[39m: this.model.read is not a function
[31mERROR[39m: this.model.read is not a function
[31mERROR[39m: this.model.read is not a function
[31mERROR[39m: this.model.read is not a function
[31mERROR[39m: this.model.read is not a function
[31mERROR[39m: this.model.read is not a function
[31mERROR[39m: this.model.read is not a function
[31mERROR[39m: this.model.read is not a function
[31mERROR[39m: this.model.read is not a function
[31mERROR[39m: this.model.read is not a function
[31mERROR[39m: this.model.read is not a function
[31mERROR[39m: this.model.read is not a function
[31mERROR[39m: this.model.read is not a function
[33mWARN[39m: GET /favicon.ico not found path
[31mERROR[39m: this.model.read is not a function
[31mERROR[39m: this.model.read is not a function
[31mERROR[39m: this.model.read is not a function
[33mWARN[39m: POST /api/sessions/register not found path
[31mERROR[39m: Unknown authentication strategy "register"
[31mERROR[39m: email is not defined
[33mWARN[39m: No hay ningún documento
[33mWARN[39m: No hay ningún documento
[33mWARN[39m: No hay ningún documento
[33mWARN[39m: No hay ningún documento
[33mWARN[39m: No hay ningún documento
[33mWARN[39m: No hay ningún documento
[33mWARN[39m: No hay ningún documento
[33mWARN[39m: No hay ningún documento
[33mWARN[39m: No hay ningún documento
[33mWARN[39m: No hay ningún documento
[33mWARN[39m: No hay ningún documento
[33mWARN[39m: No hay ningún documento
[33mWARN[39m: No hay ningún documento
[33mWARN[39m: No hay ningún documento
[33mWARN[39m: No hay ningún documento
[33mWARN[39m: No hay ningún documento
[33mWARN[39m: No hay ningún documento
[33mWARN[39m: No hay ningún documento
[33mWARN[39m: No hay ningún documento
[33mWARN[39m: No hay ningún documento
[33mWARN[39m: No hay ningún documento
[33mWARN[39m: No hay ningún documento
[33mWARN[39m: No hay ningún documento
[33mWARN[39m: No hay ningún documento
[33mWARN[39m: No hay ningún documento
[33mWARN[39m: No hay ningún documento
[33mWARN[39m: No hay ningún documento
[33mWARN[39m: No hay ningún documento
[33mWARN[39m: No hay ningún documento
[33mWARN[39m: PUT /api/products/65f88d131eae62b51366021d/1 not found path
[33mWARN[39m: No hay ningún documento
